<?xml version="1.0" encoding="UTF-8"?>
<!-- Generated by org.testng.reporters.JUnitReportReporter -->
<testsuite skipped="0" hostname="SD" name="TestCases.LoginTest" tests="1" failures="0" timestamp="06 Jul 2021 08:18:46 GMT" time="0.418" errors="0">
  <testcase name="test01" time="0.418" classname="TestCases.LoginTest"/>
</testsuite> <!-- TestCases.LoginTest -->
