<?xml version="1.0" encoding="UTF-8"?>
<!-- Generated by org.testng.reporters.JUnitReportReporter -->
<testsuite skipped="0" hostname="SD" name="TestCases.OperatorsPageTest" tests="1" failures="0" timestamp="04 Jul 2021 15:22:43 GMT" time="0.926" errors="0">
  <testcase name="test07" time="0.926" classname="TestCases.OperatorsPageTest"/>
</testsuite> <!-- TestCases.OperatorsPageTest -->
