<?xml version="1.0" encoding="UTF-8"?>
<!-- Generated by org.testng.reporters.JUnitReportReporter -->
<testsuite skipped="0" hostname="SD" name="TestCases.DashBoardTest" tests="1" failures="0" timestamp="06 Jul 2021 13:29:49 GMT" time="0.234" errors="0">
  <testcase name="test01" time="0.234" classname="TestCases.DashBoardTest"/>
</testsuite> <!-- TestCases.DashBoardTest -->
