<?xml version="1.0" encoding="UTF-8"?>
<!-- Generated by org.testng.reporters.JUnitReportReporter -->
<testsuite skipped="0" hostname="SD" name="TestCases.UserTest" tests="1" failures="0" timestamp="02 Jul 2021 11:15:33 GMT" time="0.821" errors="0">
  <testcase name="test14" time="0.821" classname="TestCases.UserTest"/>
</testsuite> <!-- TestCases.UserTest -->
